0 info it worked if it ends with ok
1 verbose cli [ '/usr/bin/node', '/usr/bin/npm', 'run', 'coverage' ]
2 info using npm@3.5.2
3 info using node@v8.10.0
4 verbose run-script [ 'precoverage', 'coverage', 'postcoverage' ]
5 info lifecycle client@0.1.0~precoverage: client@0.1.0
6 silly lifecycle client@0.1.0~precoverage: no script for precoverage, continuing
7 info lifecycle client@0.1.0~coverage: client@0.1.0
8 verbose lifecycle client@0.1.0~coverage: unsafe-perm in lifecycle true
9 verbose lifecycle client@0.1.0~coverage: PATH: /usr/share/npm/bin/node-gyp-bin:/home/carlos/Dev/docker/docker-playground/node_modules/.bin:/home/carlos/.npm-global/bin:/home/carlos/.local/bin:/home/carlos/.npm-global/bin:/home/carlos/.local/bin:/usr/local/sbin:/usr/local/bin:/usr/sbin:/usr/bin:/sbin:/bin:/usr/games:/usr/local/games:/snap/bin:/home/carlos/.dotnet/tools:/home/carlos/.dotnet/tools
10 verbose lifecycle client@0.1.0~coverage: CWD: /home/carlos/Dev/docker/docker-playground
11 silly lifecycle client@0.1.0~coverage: Args: [ '-c',
11 silly lifecycle   'react-scripts test --env=jsdom --watchAll=false --coverage' ]
12 info lifecycle client@0.1.0~coverage: Failed to exec coverage script
13 verbose stack Error: client@0.1.0 coverage: `react-scripts test --env=jsdom --watchAll=false --coverage`
13 verbose stack spawn ENOENT
13 verbose stack     at ChildProcess.<anonymous> (/usr/share/npm/lib/utils/spawn.js:17:16)
13 verbose stack     at emitTwo (events.js:126:13)
13 verbose stack     at ChildProcess.emit (events.js:214:7)
13 verbose stack     at maybeClose (internal/child_process.js:925:16)
13 verbose stack     at Process.ChildProcess._handle.onexit (internal/child_process.js:209:5)
14 verbose pkgid client@0.1.0
15 verbose cwd /home/carlos/Dev/docker/docker-playground
16 error Linux 5.0.0-37-generic
17 error argv "/usr/bin/node" "/usr/bin/npm" "run" "coverage"
18 error node v8.10.0
19 error npm  v3.5.2
20 error file sh
21 error code ELIFECYCLE
22 error errno ENOENT
23 error syscall spawn
24 error client@0.1.0 coverage: `react-scripts test --env=jsdom --watchAll=false --coverage`
24 error spawn ENOENT
25 error Failed at the client@0.1.0 coverage script 'react-scripts test --env=jsdom --watchAll=false --coverage'.
25 error Make sure you have the latest version of node.js and npm installed.
25 error If you do, this is most likely a problem with the client package,
25 error not with npm itself.
25 error Tell the author that this fails on your system:
25 error     react-scripts test --env=jsdom --watchAll=false --coverage
25 error You can get information on how to open an issue for this project with:
25 error     npm bugs client
25 error Or if that isn't available, you can get their info via:
25 error     npm owner ls client
25 error There is likely additional logging output above.
26 verbose exit [ 1, true ]
